c:\users\sebastian\documents\github\3d-training\debug\fragment.cso
c:\users\sebastian\documents\github\3d-training\debug\vertex.cso
c:\users\sebastian\documents\github\3d-training\debug\vc140.pdb
c:\users\sebastian\documents\github\3d-training\debug\vc140.idb
c:\users\sebastian\documents\github\3d-training\debug\engine.obj
c:\users\sebastian\documents\github\3d-training\debug\main.obj
c:\users\sebastian\documents\github\3d-training\debug\model.obj
c:\users\sebastian\documents\github\3d-training\debug\basicwindow.ilk
c:\users\sebastian\documents\github\3d-training\debug\basicwindow.exe
c:\users\sebastian\documents\github\3d-training\debug\basicwindow.pdb
c:\users\sebastian\documents\github\3d-training\debug\basicwindow.tlog\basicwindow.write.1u.tlog
c:\users\sebastian\documents\github\3d-training\debug\basicwindow.tlog\cl.command.1.tlog
c:\users\sebastian\documents\github\3d-training\debug\basicwindow.tlog\cl.read.1.tlog
c:\users\sebastian\documents\github\3d-training\debug\basicwindow.tlog\cl.write.1.tlog
c:\users\sebastian\documents\github\3d-training\debug\basicwindow.tlog\fxc.command.1.tlog
c:\users\sebastian\documents\github\3d-training\debug\basicwindow.tlog\fxc.read.1.tlog
c:\users\sebastian\documents\github\3d-training\debug\basicwindow.tlog\fxc.write.1.tlog
c:\users\sebastian\documents\github\3d-training\debug\basicwindow.tlog\link.command.1.tlog
c:\users\sebastian\documents\github\3d-training\debug\basicwindow.tlog\link.read.1.tlog
c:\users\sebastian\documents\github\3d-training\debug\basicwindow.tlog\link.write.1.tlog
