Build started 31/07/2016 14:43:38.
     1>Project "C:\Users\Sebastian\Documents\GitHub\3D-training\Demo.vcxproj" on node 2 (Build target(s)).
     1>FxCompile:
         C:\Program Files (x86)\Windows Kits\8.1\bin\x86\fxc.exe /nologo /E"PS_main" /T ps_5_0 /Fo "C:\Users\Sebastian\Documents\GitHub\3D-training\Debug\Fragment.cso" /Od /Zi Fragment.hlsl 
         compilation object save succeeded; see C:\Users\Sebastian\Documents\GitHub\3D-training\Debug\Fragment.cso
         C:\Program Files (x86)\Windows Kits\8.1\bin\x86\fxc.exe /nologo /E"VS_main" /T vs_5_0 /Fo "C:\Users\Sebastian\Documents\GitHub\3D-training\Debug\Vertex.cso" /Od /Zi Vertex.hlsl 
         compilation object save succeeded; see C:\Users\Sebastian\Documents\GitHub\3D-training\Debug\Vertex.cso
       ClCompile:
         C:\Program Files (x86)\Microsoft Visual Studio 14.0\VC\bin\CL.exe /c /ZI /nologo /W3 /WX- /Od /Oy- /D WIN32 /D _DEBUG /D _WINDOWS /D _UNICODE /D UNICODE /Gm /EHsc /RTC1 /MDd /GS /fp:precise /Zc:wchar_t /Zc:forScope /Zc:inline /Fo"Debug\\" /Fd"Debug\vc140.pdb" /Gd /TP /analyze- /errorReport:prompt Engine.cpp main.cpp Model.cpp
         Model.cpp
         main.cpp
         Engine.cpp
         Generating Code...
       Link:
         C:\Program Files (x86)\Microsoft Visual Studio 14.0\VC\bin\link.exe /ERRORREPORT:PROMPT /OUT:"C:\Users\Sebastian\Documents\GitHub\3D-training\Debug\BasicWindow.exe" /INCREMENTAL /NOLOGO kernel32.lib user32.lib gdi32.lib winspool.lib comdlg32.lib advapi32.lib shell32.lib ole32.lib oleaut32.lib uuid.lib odbc32.lib odbccp32.lib /MANIFEST /MANIFESTUAC:"level='asInvoker' uiAccess='false'" /manifest:embed /Debug /PDB:"C:\Users\Sebastian\Documents\GitHub\3D-training\Debug\BasicWindow.pdb" /SUBSYSTEM:WINDOWS /TLBID:1 /DYNAMICBASE /NXCOMPAT /IMPLIB:"C:\Users\Sebastian\Documents\GitHub\3D-training\Debug\BasicWindow.lib" /MACHINE:X86 Debug\Engine.obj
         Debug\main.obj
         Debug\Model.obj
         Demo.vcxproj -> C:\Users\Sebastian\Documents\GitHub\3D-training\Debug\BasicWindow.exe
     1>Done Building Project "C:\Users\Sebastian\Documents\GitHub\3D-training\Demo.vcxproj" (Build target(s)).

Build succeeded.

Time Elapsed 00:00:04.18
