Build started 30/09/2016 09:46:19.
     1>Project "C:\Users\Sebastian\Documents\GitHub\3D-training\Demo.vcxproj" on node 2 (Build target(s)).
     1>ClCompile:
         C:\Program Files (x86)\Microsoft Visual Studio 14.0\VC\bin\x86_amd64\CL.exe /c /ZI /nologo /W3 /WX- /Od /D WIN32 /D _DEBUG /D _WINDOWS /D _UNICODE /D UNICODE /Gm /EHsc /RTC1 /MDd /GS /fp:precise /Zc:wchar_t /Zc:forScope /Zc:inline /Fo"x64\Debug\\" /Fd"x64\Debug\vc140.pdb" /Gd /TP /errorReport:prompt Camera.cpp Engine.cpp GameTimer.cpp Model.cpp main.cpp
         main.cpp
         Model.cpp
     1>c:\users\sebastian\documents\github\3d-training\model.cpp(83): warning C4305: 'argument': truncation from 'double' to 'const float'
     1>c:\users\sebastian\documents\github\3d-training\model.cpp(87): warning C4267: '=': conversion from 'size_t' to 'UINT', possible loss of data
     1>c:\users\sebastian\documents\github\3d-training\model.cpp(102): warning C4267: 'initializing': conversion from 'size_t' to 'UINT', possible loss of data
         Engine.cpp
         Camera.cpp
     1>c:\users\sebastian\documents\github\3d-training\camera.cpp(33): warning C4244: 'argument': conversion from 'const UINT' to 'float', possible loss of data
         Generating Code...
         Skipping... (no relevant changes detected)
         GameTimer.cpp
       Link:
         C:\Program Files (x86)\Microsoft Visual Studio 14.0\VC\bin\x86_amd64\link.exe /ERRORREPORT:PROMPT /OUT:"C:\Users\Sebastian\Documents\GitHub\3D-training\x64\Debug\BasicWindow.exe" /INCREMENTAL /NOLOGO kernel32.lib user32.lib gdi32.lib winspool.lib comdlg32.lib advapi32.lib shell32.lib ole32.lib oleaut32.lib uuid.lib odbc32.lib odbccp32.lib /MANIFEST /MANIFESTUAC:"level='asInvoker' uiAccess='false'" /manifest:embed /Debug /PDB:"C:\Users\Sebastian\Documents\GitHub\3D-training\x64\Debug\BasicWindow.pdb" /SUBSYSTEM:WINDOWS /TLBID:1 /DYNAMICBASE /NXCOMPAT /IMPLIB:"C:\Users\Sebastian\Documents\GitHub\3D-training\x64\Debug\BasicWindow.lib" /MACHINE:X64 x64\Debug\Camera.obj
         x64\Debug\Engine.obj
         x64\Debug\GameTimer.obj
         x64\Debug\main.obj
         x64\Debug\Model.obj
         Demo.vcxproj -> C:\Users\Sebastian\Documents\GitHub\3D-training\x64\Debug\BasicWindow.exe
     1>Done Building Project "C:\Users\Sebastian\Documents\GitHub\3D-training\Demo.vcxproj" (Build target(s)).

Build succeeded.

Time Elapsed 00:00:08.35
